<?xml version="1.0" encoding="UTF-8"?>
<!-- Generated by org.testng.reporters.JUnitReportReporter -->
<testsuite hostname="DESKTOP-01J4IUN" failures="0" tests="3" name="Runners.RunTest" time="41.221" errors="0" timestamp="2022-07-18T20:09:08 CEST" skipped="0">
  <testcase classname="Runners.RunTest" name="runScenario" time="10.870"/>
  <system-out/>
  <testcase classname="Runners.RunTest" name="runScenario" time="14.619"/>
  <system-out/>
  <testcase classname="Runners.RunTest" name="runScenario" time="15.732"/>
  <system-out/>
</testsuite> <!-- Runners.RunTest -->
